14:00:23.392 karate.env system property was: null 
14:00:23.924 request:
1 > GET https://cybertek-reservation-api-qa.herokuapp.com/sign?email=teacherva5%40gmail.com&password=maxpayne
1 > Accept-Encoding: gzip,deflate
1 > Connection: Keep-Alive
1 > Host: cybertek-reservation-api-qa.herokuapp.com
1 > User-Agent: Apache-HttpClient/4.5.5 (Java/12.0.2)

14:00:26.387 response time in milliseconds: 2440.96
1 < 200
1 < Connection: close
1 < Content-Type: application/json
1 < Date: Mon, 10 Feb 2020 22:00:25 GMT
1 < Server: Jetty(9.4.8.v20171121)
1 < Via: 1.1 vegur
{"accessToken":"eyJhbGciOiJIUzI1NiJ9.eyJqdGkiOiIyMDY0IiwiYXVkIjoidGVhY2hlciJ9.japWZkmQ3ExAJA6HxXEMSm92h5ZfYARx1Ci8sSiLgzM","refreshToken":"eyJhbGciOiJIUzI1NiJ9.eyJqdGkiOiIyMDY0IiwiYXVkIjoidGVhY2hlciJ9.japWZkmQ3ExAJA6HxXEMSm92h5ZfYARx1Ci8sSiLgzM"}

14:00:26.399 [print] Token:  eyJhbGciOiJIUzI1NiJ9.eyJqdGkiOiIyMDY0IiwiYXVkIjoidGVhY2hlciJ9.japWZkmQ3ExAJA6HxXEMSm92h5ZfYARx1Ci8sSiLgzM
14:00:26.402 request:
2 > GET https://cybertek-reservation-api-qa.herokuapp.com/api/rooms/harvard
2 > Accept-Encoding: gzip,deflate
2 > Authorization: eyJhbGciOiJIUzI1NiJ9.eyJqdGkiOiIyMDY0IiwiYXVkIjoidGVhY2hlciJ9.japWZkmQ3ExAJA6HxXEMSm92h5ZfYARx1Ci8sSiLgzM
2 > Connection: Keep-Alive
2 > Host: cybertek-reservation-api-qa.herokuapp.com
2 > User-Agent: Apache-HttpClient/4.5.5 (Java/12.0.2)

14:00:26.857 response time in milliseconds: 443.93
2 < 200
2 < Connection: close
2 < Content-Type: application/json
2 < Date: Mon, 10 Feb 2020 22:00:27 GMT
2 < Server: Jetty(9.4.8.v20171121)
2 < Via: 1.1 vegur
{"id":112,"name":"harvard","description":"veritas","capacity":6,"withTV":true,"withWhiteBoard":false}

