14:00:23.388 [main] INFO  com.intuit.karate - karate.env system property was: null 
14:00:23.924 [main] DEBUG com.intuit.karate - request:
1 > GET https://cybertek-reservation-api-qa.herokuapp.com/sign?email=teacherva5%40gmail.com&password=maxpayne
1 > Accept-Encoding: gzip,deflate
1 > Connection: Keep-Alive
1 > Host: cybertek-reservation-api-qa.herokuapp.com
1 > User-Agent: Apache-HttpClient/4.5.5 (Java/12.0.2)

14:00:26.378 [main] DEBUG com.intuit.karate - response time in milliseconds: 2440.96
1 < 200
1 < Connection: close
1 < Content-Type: application/json
1 < Date: Mon, 10 Feb 2020 22:00:25 GMT
1 < Server: Jetty(9.4.8.v20171121)
1 < Via: 1.1 vegur
{"accessToken":"eyJhbGciOiJIUzI1NiJ9.eyJqdGkiOiIyMDY0IiwiYXVkIjoidGVhY2hlciJ9.japWZkmQ3ExAJA6HxXEMSm92h5ZfYARx1Ci8sSiLgzM","refreshToken":"eyJhbGciOiJIUzI1NiJ9.eyJqdGkiOiIyMDY0IiwiYXVkIjoidGVhY2hlciJ9.japWZkmQ3ExAJA6HxXEMSm92h5ZfYARx1Ci8sSiLgzM"}

14:00:26.398 [main] INFO  com.intuit.karate - [print] Token:  eyJhbGciOiJIUzI1NiJ9.eyJqdGkiOiIyMDY0IiwiYXVkIjoidGVhY2hlciJ9.japWZkmQ3ExAJA6HxXEMSm92h5ZfYARx1Ci8sSiLgzM
14:00:26.402 [main] DEBUG com.intuit.karate - request:
2 > GET https://cybertek-reservation-api-qa.herokuapp.com/api/rooms/harvard
2 > Accept-Encoding: gzip,deflate
2 > Authorization: eyJhbGciOiJIUzI1NiJ9.eyJqdGkiOiIyMDY0IiwiYXVkIjoidGVhY2hlciJ9.japWZkmQ3ExAJA6HxXEMSm92h5ZfYARx1Ci8sSiLgzM
2 > Connection: Keep-Alive
2 > Host: cybertek-reservation-api-qa.herokuapp.com
2 > User-Agent: Apache-HttpClient/4.5.5 (Java/12.0.2)

14:00:26.857 [main] DEBUG com.intuit.karate - response time in milliseconds: 443.93
2 < 200
2 < Connection: close
2 < Content-Type: application/json
2 < Date: Mon, 10 Feb 2020 22:00:27 GMT
2 < Server: Jetty(9.4.8.v20171121)
2 < Via: 1.1 vegur
{"id":112,"name":"harvard","description":"veritas","capacity":6,"withTV":true,"withWhiteBoard":false}

14:00:26.869 [main] INFO  com.intuit.karate - karate.env system property was: null 
14:00:26.872 [main] DEBUG com.intuit.karate - request:
1 > GET https://cybertek-reservation-api-qa.herokuapp.com/sign?email=teacherva5%40gmail.com&password=maxpayne
1 > Accept-Encoding: gzip,deflate
1 > Connection: Keep-Alive
1 > Host: cybertek-reservation-api-qa.herokuapp.com
1 > User-Agent: Apache-HttpClient/4.5.5 (Java/12.0.2)

14:00:29.121 [main] DEBUG com.intuit.karate - response time in milliseconds: 2233.04
1 < 200
1 < Connection: close
1 < Content-Type: application/json
1 < Date: Mon, 10 Feb 2020 22:00:27 GMT
1 < Server: Jetty(9.4.8.v20171121)
1 < Via: 1.1 vegur
{"accessToken":"eyJhbGciOiJIUzI1NiJ9.eyJqdGkiOiIyMDY0IiwiYXVkIjoidGVhY2hlciJ9.japWZkmQ3ExAJA6HxXEMSm92h5ZfYARx1Ci8sSiLgzM","refreshToken":"eyJhbGciOiJIUzI1NiJ9.eyJqdGkiOiIyMDY0IiwiYXVkIjoidGVhY2hlciJ9.japWZkmQ3ExAJA6HxXEMSm92h5ZfYARx1Ci8sSiLgzM"}

14:00:29.124 [main] INFO  com.intuit.karate - [print] Token:  eyJhbGciOiJIUzI1NiJ9.eyJqdGkiOiIyMDY0IiwiYXVkIjoidGVhY2hlciJ9.japWZkmQ3ExAJA6HxXEMSm92h5ZfYARx1Ci8sSiLgzM
14:00:29.129 [main] DEBUG com.intuit.karate - request:
2 > GET https://cybertek-reservation-api-qa.herokuapp.com/api/rooms/yale
2 > Accept-Encoding: gzip,deflate
2 > Authorization: eyJhbGciOiJIUzI1NiJ9.eyJqdGkiOiIyMDY0IiwiYXVkIjoidGVhY2hlciJ9.japWZkmQ3ExAJA6HxXEMSm92h5ZfYARx1Ci8sSiLgzM
2 > Connection: Keep-Alive
2 > Host: cybertek-reservation-api-qa.herokuapp.com
2 > User-Agent: Apache-HttpClient/4.5.5 (Java/12.0.2)

14:00:29.570 [main] DEBUG com.intuit.karate - response time in milliseconds: 423.66
2 < 200
2 < Connection: close
2 < Content-Type: application/json
2 < Date: Mon, 10 Feb 2020 22:00:30 GMT
2 < Server: Jetty(9.4.8.v20171121)
2 < Via: 1.1 vegur
{"id":113,"name":"yale","description":"lux et veritas","capacity":6,"withTV":true,"withWhiteBoard":false}

14:00:29.581 [main] INFO  com.intuit.karate - karate.env system property was: null 
14:00:29.584 [main] DEBUG com.intuit.karate - request:
1 > GET https://cybertek-reservation-api-qa.herokuapp.com/sign?email=teacherva5%40gmail.com&password=maxpayne
1 > Accept-Encoding: gzip,deflate
1 > Connection: Keep-Alive
1 > Host: cybertek-reservation-api-qa.herokuapp.com
1 > User-Agent: Apache-HttpClient/4.5.5 (Java/12.0.2)

14:00:33.947 [main] DEBUG com.intuit.karate - response time in milliseconds: 4348.80
1 < 200
1 < Connection: close
1 < Content-Type: application/json
1 < Date: Mon, 10 Feb 2020 22:00:31 GMT
1 < Server: Jetty(9.4.8.v20171121)
1 < Via: 1.1 vegur
{"accessToken":"eyJhbGciOiJIUzI1NiJ9.eyJqdGkiOiIyMDY0IiwiYXVkIjoidGVhY2hlciJ9.japWZkmQ3ExAJA6HxXEMSm92h5ZfYARx1Ci8sSiLgzM","refreshToken":"eyJhbGciOiJIUzI1NiJ9.eyJqdGkiOiIyMDY0IiwiYXVkIjoidGVhY2hlciJ9.japWZkmQ3ExAJA6HxXEMSm92h5ZfYARx1Ci8sSiLgzM"}

14:00:33.952 [main] INFO  com.intuit.karate - [print] Token:  eyJhbGciOiJIUzI1NiJ9.eyJqdGkiOiIyMDY0IiwiYXVkIjoidGVhY2hlciJ9.japWZkmQ3ExAJA6HxXEMSm92h5ZfYARx1Ci8sSiLgzM
14:00:33.956 [main] DEBUG com.intuit.karate - request:
2 > GET https://cybertek-reservation-api-qa.herokuapp.com/api/rooms/princeton
2 > Accept-Encoding: gzip,deflate
2 > Authorization: eyJhbGciOiJIUzI1NiJ9.eyJqdGkiOiIyMDY0IiwiYXVkIjoidGVhY2hlciJ9.japWZkmQ3ExAJA6HxXEMSm92h5ZfYARx1Ci8sSiLgzM
2 > Connection: Keep-Alive
2 > Host: cybertek-reservation-api-qa.herokuapp.com
2 > User-Agent: Apache-HttpClient/4.5.5 (Java/12.0.2)

14:00:34.400 [main] DEBUG com.intuit.karate - response time in milliseconds: 424.40
2 < 200
2 < Connection: close
2 < Content-Type: application/json
2 < Date: Mon, 10 Feb 2020 22:00:34 GMT
2 < Server: Jetty(9.4.8.v20171121)
2 < Via: 1.1 vegur
{"id":114,"name":"princeton","description":"dei sub numine viget","capacity":4,"withTV":true,"withWhiteBoard":false}

